<?xml version="1.0" encoding="UTF-8"?>
<testsuite name="com.example.projetIWA.User.UserIntegrationTest" tests="1" skipped="0" failures="0" errors="0" timestamp="2020-11-26T22:11:29" hostname="MSI" time="0.059">
  <properties/>
  <testcase name="GET /userAccount - Found" classname="com.example.projetIWA.User.UserIntegrationTest" time="0.059"/>
  <system-out><![CDATA[2020-11-26 23:10:48.934  INFO 19928 --- [    Test worker] .b.t.c.SpringBootTestContextBootstrapper : Neither @ContextConfiguration nor @ContextHierarchy found for test class [com.example.projetIWA.User.UserIntegrationTest], using SpringBootContextLoader
2020-11-26 23:10:48.935  INFO 19928 --- [    Test worker] o.s.t.c.support.AbstractContextLoader    : Could not detect default resource locations for test class [com.example.projetIWA.User.UserIntegrationTest]: no resource found for suffixes {-context.xml, Context.groovy}.
2020-11-26 23:10:48.935  INFO 19928 --- [    Test worker] t.c.s.AnnotationConfigContextLoaderUtils : Could not detect default configuration classes for test class [com.example.projetIWA.User.UserIntegrationTest]: UserIntegrationTest does not declare any static, non-private, non-final, nested classes annotated with @Configuration.
2020-11-26 23:10:48.937  INFO 19928 --- [    Test worker] .b.t.c.SpringBootTestContextBootstrapper : Found @SpringBootConfiguration com.example.projetIWA.ProjetIwaApplication for test class com.example.projetIWA.User.UserIntegrationTest
2020-11-26 23:10:48.938  INFO 19928 --- [    Test worker] .b.t.c.SpringBootTestContextBootstrapper : Loaded default TestExecutionListener class names from location [META-INF/spring.factories]: [org.springframework.security.test.context.support.WithSecurityContextTestExecutionListener, org.springframework.security.test.context.support.ReactorContextTestExecutionListener, org.springframework.boot.test.autoconfigure.restdocs.RestDocsTestExecutionListener, org.springframework.boot.test.autoconfigure.web.client.MockRestServiceServerResetTestExecutionListener, org.springframework.boot.test.autoconfigure.web.servlet.MockMvcPrintOnlyOnFailureTestExecutionListener, org.springframework.boot.test.autoconfigure.web.servlet.WebDriverTestExecutionListener, org.springframework.boot.test.autoconfigure.webservices.client.MockWebServiceServerTestExecutionListener, org.springframework.boot.test.mock.mockito.MockitoTestExecutionListener, org.springframework.boot.test.mock.mockito.ResetMocksTestExecutionListener, org.springframework.test.context.web.ServletTestExecutionListener, org.springframework.test.context.support.DirtiesContextBeforeModesTestExecutionListener, org.springframework.test.context.support.DependencyInjectionTestExecutionListener, org.springframework.test.context.support.DirtiesContextTestExecutionListener, org.springframework.test.context.transaction.TransactionalTestExecutionListener, org.springframework.test.context.jdbc.SqlScriptsTestExecutionListener, org.springframework.test.context.event.EventPublishingTestExecutionListener]
2020-11-26 23:10:48.938  INFO 19928 --- [    Test worker] .b.t.c.SpringBootTestContextBootstrapper : Using TestExecutionListeners: [org.springframework.test.context.web.ServletTestExecutionListener@69712e51, org.springframework.test.context.support.DirtiesContextBeforeModesTestExecutionListener@14c332ad, org.springframework.boot.test.mock.mockito.MockitoTestExecutionListener@50abfc48, org.springframework.boot.test.autoconfigure.SpringBootDependencyInjectionTestExecutionListener@2705caa9, org.springframework.test.context.support.DirtiesContextTestExecutionListener@47667bbe, org.springframework.test.context.transaction.TransactionalTestExecutionListener@4a3d6fa5, org.springframework.test.context.jdbc.SqlScriptsTestExecutionListener@457b8316, org.springframework.security.test.context.support.WithSecurityContextTestExecutionListener@4ca24992, org.springframework.test.context.event.EventPublishingTestExecutionListener@38ed7033, org.springframework.security.test.context.support.ReactorContextTestExecutionListener@198c60cc, org.springframework.boot.test.autoconfigure.restdocs.RestDocsTestExecutionListener@f623d8, org.springframework.boot.test.autoconfigure.web.client.MockRestServiceServerResetTestExecutionListener@5e46048d, org.springframework.boot.test.autoconfigure.web.servlet.MockMvcPrintOnlyOnFailureTestExecutionListener@df99b9e, org.springframework.boot.test.autoconfigure.web.servlet.WebDriverTestExecutionListener@778910ed, org.springframework.boot.test.autoconfigure.webservices.client.MockWebServiceServerTestExecutionListener@46500527, org.springframework.boot.test.mock.mockito.ResetMocksTestExecutionListener@28dc130c]

  .   ____          _            __ _ _
 /\\ / ___'_ __ _ _(_)_ __  __ _ \ \ \ \
( ( )\___ | '_ | '_| | '_ \/ _` | \ \ \ \
 \\/  ___)| |_)| | | | | || (_| |  ) ) ) )
  '  |____| .__|_| |_|_| |_\__, | / / / /
 =========|_|==============|___/=/_/_/_/
 :: Spring Boot ::        (v2.3.4.RELEASE)

2020-11-26 23:10:48.965  INFO 19928 --- [    Test worker] c.e.projetIWA.User.UserIntegrationTest   : Starting UserIntegrationTest on MSI with PID 19928 (started by Utilisateur in C:\Users\Utilisateur\Documents\IG5\IWA\PROJET\ProjetIWA)
2020-11-26 23:10:48.965  INFO 19928 --- [    Test worker] c.e.projetIWA.User.UserIntegrationTest   : The following profiles are active: test
2020-11-26 23:10:49.126  INFO 19928 --- [    Test worker] .s.d.r.c.RepositoryConfigurationDelegate : Bootstrapping Spring Data JPA repositories in DEFERRED mode.
2020-11-26 23:10:49.145  INFO 19928 --- [    Test worker] .s.d.r.c.RepositoryConfigurationDelegate : Finished Spring Data repository scanning in 18ms. Found 4 JPA repository interfaces.
2020-11-26 23:10:49.231  INFO 19928 --- [    Test worker] com.zaxxer.hikari.HikariDataSource       : HikariPool-7 - Starting...
2020-11-26 23:10:49.232  INFO 19928 --- [    Test worker] com.zaxxer.hikari.HikariDataSource       : HikariPool-7 - Start completed.
2020-11-26 23:10:49.276  INFO 19928 --- [    Test worker] o.s.s.concurrent.ThreadPoolTaskExecutor  : Initializing ExecutorService 'applicationTaskExecutor'
2020-11-26 23:10:49.294  INFO 19928 --- [         task-1] o.hibernate.jpa.internal.util.LogHelper  : HHH000204: Processing PersistenceUnitInfo [name: default]
2020-11-26 23:10:49.299  INFO 19928 --- [         task-1] org.hibernate.dialect.Dialect            : HHH000400: Using dialect: org.hibernate.dialect.PostgreSQLDialect
2020-11-26 23:10:49.303 ERROR 19928 --- [         task-1] o.h.e.j.e.internal.JdbcEnvironmentImpl   : Could not fetch the SequenceInformation from the database

org.h2.jdbc.JdbcSQLSyntaxErrorException: Colonne "start_value" non trouvÃ©e
Column "start_value" not found [42122-200]
	at org.h2.message.DbException.getJdbcSQLException(DbException.java:453) ~[h2-1.4.200.jar:1.4.200]
	at org.h2.message.DbException.getJdbcSQLException(DbException.java:429) ~[h2-1.4.200.jar:1.4.200]
	at org.h2.message.DbException.get(DbException.java:205) ~[h2-1.4.200.jar:1.4.200]
	at org.h2.message.DbException.get(DbException.java:181) ~[h2-1.4.200.jar:1.4.200]
	at org.h2.jdbc.JdbcResultSet.getColumnIndex(JdbcResultSet.java:3169) ~[h2-1.4.200.jar:1.4.200]
	at org.h2.jdbc.JdbcResultSet.get(JdbcResultSet.java:3268) ~[h2-1.4.200.jar:1.4.200]
	at org.h2.jdbc.JdbcResultSet.getLong(JdbcResultSet.java:680) ~[h2-1.4.200.jar:1.4.200]
	at com.zaxxer.hikari.pool.HikariProxyResultSet.getLong(HikariProxyResultSet.java) ~[HikariCP-3.4.5.jar:na]
	at org.hibernate.tool.schema.extract.internal.SequenceInformationExtractorLegacyImpl.resultSetStartValueSize(SequenceInformationExtractorLegacyImpl.java:129) ~[hibernate-core-5.4.21.Final.jar:5.4.21.Final]
	at org.hibernate.tool.schema.extract.internal.SequenceInformationExtractorLegacyImpl.extractMetadata(SequenceInformationExtractorLegacyImpl.java:59) ~[hibernate-core-5.4.21.Final.jar:5.4.21.Final]
	at org.hibernate.engine.jdbc.env.internal.JdbcEnvironmentImpl.sequenceInformationList(JdbcEnvironmentImpl.java:403) [hibernate-core-5.4.21.Final.jar:5.4.21.Final]
	at org.hibernate.engine.jdbc.env.internal.JdbcEnvironmentImpl.<init>(JdbcEnvironmentImpl.java:268) [hibernate-core-5.4.21.Final.jar:5.4.21.Final]
	at org.hibernate.engine.jdbc.env.internal.JdbcEnvironmentInitiator.initiateService(JdbcEnvironmentInitiator.java:114) [hibernate-core-5.4.21.Final.jar:5.4.21.Final]
	at org.hibernate.engine.jdbc.env.internal.JdbcEnvironmentInitiator.initiateService(JdbcEnvironmentInitiator.java:35) [hibernate-core-5.4.21.Final.jar:5.4.21.Final]
	at org.hibernate.boot.registry.internal.StandardServiceRegistryImpl.initiateService(StandardServiceRegistryImpl.java:101) [hibernate-core-5.4.21.Final.jar:5.4.21.Final]
	at org.hibernate.service.internal.AbstractServiceRegistryImpl.createService(AbstractServiceRegistryImpl.java:263) [hibernate-core-5.4.21.Final.jar:5.4.21.Final]
	at org.hibernate.service.internal.AbstractServiceRegistryImpl.initializeService(AbstractServiceRegistryImpl.java:237) [hibernate-core-5.4.21.Final.jar:5.4.21.Final]
	at org.hibernate.service.internal.AbstractServiceRegistryImpl.getService(AbstractServiceRegistryImpl.java:214) [hibernate-core-5.4.21.Final.jar:5.4.21.Final]
	at org.hibernate.id.factory.internal.DefaultIdentifierGeneratorFactory.injectServices(DefaultIdentifierGeneratorFactory.java:152) [hibernate-core-5.4.21.Final.jar:5.4.21.Final]
	at org.hibernate.service.internal.AbstractServiceRegistryImpl.injectDependencies(AbstractServiceRegistryImpl.java:286) [hibernate-core-5.4.21.Final.jar:5.4.21.Final]
	at org.hibernate.service.internal.AbstractServiceRegistryImpl.initializeService(AbstractServiceRegistryImpl.java:243) [hibernate-core-5.4.21.Final.jar:5.4.21.Final]
	at org.hibernate.service.internal.AbstractServiceRegistryImpl.getService(AbstractServiceRegistryImpl.java:214) [hibernate-core-5.4.21.Final.jar:5.4.21.Final]
	at org.hibernate.boot.internal.InFlightMetadataCollectorImpl.<init>(InFlightMetadataCollectorImpl.java:176) [hibernate-core-5.4.21.Final.jar:5.4.21.Final]
	at org.hibernate.boot.model.process.spi.MetadataBuildingProcess.complete(MetadataBuildingProcess.java:118) [hibernate-core-5.4.21.Final.jar:5.4.21.Final]
	at org.hibernate.jpa.boot.internal.EntityManagerFactoryBuilderImpl.metadata(EntityManagerFactoryBuilderImpl.java:1224) [hibernate-core-5.4.21.Final.jar:5.4.21.Final]
	at org.hibernate.jpa.boot.internal.EntityManagerFactoryBuilderImpl.build(EntityManagerFactoryBuilderImpl.java:1255) [hibernate-core-5.4.21.Final.jar:5.4.21.Final]
	at org.springframework.orm.jpa.vendor.SpringHibernateJpaPersistenceProvider.createContainerEntityManagerFactory(SpringHibernateJpaPersistenceProvider.java:58) [spring-orm-5.2.9.RELEASE.jar:5.2.9.RELEASE]
	at org.springframework.orm.jpa.LocalContainerEntityManagerFactoryBean.createNativeEntityManagerFactory(LocalContainerEntityManagerFactoryBean.java:365) [spring-orm-5.2.9.RELEASE.jar:5.2.9.RELEASE]
	at org.springframework.orm.jpa.AbstractEntityManagerFactoryBean.buildNativeEntityManagerFactory(AbstractEntityManagerFactoryBean.java:391) [spring-orm-5.2.9.RELEASE.jar:5.2.9.RELEASE]
	at java.util.concurrent.FutureTask.run(FutureTask.java:266) ~[na:1.8.0_272]
	at java.util.concurrent.ThreadPoolExecutor.runWorker(ThreadPoolExecutor.java:1149) ~[na:1.8.0_272]
	at java.util.concurrent.ThreadPoolExecutor$Worker.run(ThreadPoolExecutor.java:624) ~[na:1.8.0_272]
	at java.lang.Thread.run(Thread.java:748) ~[na:1.8.0_272]

2020-11-26 23:10:49.329  WARN 19928 --- [    Test worker] JpaBaseConfiguration$JpaWebConfiguration : spring.jpa.open-in-view is enabled by default. Therefore, database queries may be performed during view rendering. Explicitly configure spring.jpa.open-in-view to disable this warning
2020-11-26 23:10:49.331  INFO 19928 --- [         task-1] o.h.e.t.j.p.i.JtaPlatformInitiator       : HHH000490: Using JtaPlatform implementation: [org.hibernate.engine.transaction.jta.platform.internal.NoJtaPlatform]
2020-11-26 23:10:49.331  INFO 19928 --- [         task-1] j.LocalContainerEntityManagerFactoryBean : Initialized JPA EntityManagerFactory for persistence unit 'default'
2020-11-26 23:10:49.529  INFO 19928 --- [    Test worker] o.s.s.web.DefaultSecurityFilterChain     : Creating filter chain: any request, [org.springframework.security.web.context.request.async.WebAsyncManagerIntegrationFilter@7095c620, org.springframework.security.web.context.SecurityContextPersistenceFilter@ac47e43, org.springframework.security.web.header.HeaderWriterFilter@445aff84, org.springframework.security.web.csrf.CsrfFilter@7363a1dc, org.keycloak.adapters.springsecurity.filter.KeycloakPreAuthActionsFilter@6a44b08e, org.springframework.security.web.authentication.logout.LogoutFilter@2479f077, org.keycloak.adapters.springsecurity.filter.KeycloakAuthenticationProcessingFilter@226234b8, org.springframework.security.web.savedrequest.RequestCacheAwareFilter@40b881fb, org.springframework.security.web.servletapi.SecurityContextHolderAwareRequestFilter@530df0b7, org.keycloak.adapters.springsecurity.filter.KeycloakSecurityContextRequestFilter@c80168c, org.keycloak.adapters.springsecurity.filter.KeycloakAuthenticatedActionsFilter@3a0c62e, org.springframework.security.web.authentication.AnonymousAuthenticationFilter@2315459b, org.springframework.security.web.session.SessionManagementFilter@64c75e46, org.springframework.security.web.access.ExceptionTranslationFilter@76778828, org.springframework.security.web.access.intercept.FilterSecurityInterceptor@3fbdcf1f]
2020-11-26 23:10:49.667  WARN 19928 --- [ntainer#0-0-C-1] org.apache.kafka.clients.NetworkClient   : [Consumer clientId=consumer-group-id-6, groupId=group-id] Connection to node -1 (MSI/192.168.1.17:9092) could not be established. Broker may not be available.
2020-11-26 23:10:49.667  WARN 19928 --- [ntainer#0-0-C-1] org.apache.kafka.clients.NetworkClient   : [Consumer clientId=consumer-group-id-6, groupId=group-id] Bootstrap broker MSI:9092 (id: -1 rack: null) disconnected
2020-11-26 23:10:49.693  INFO 19928 --- [    Test worker] o.s.b.a.w.s.WelcomePageHandlerMapping    : Adding welcome page template: index
2020-11-26 23:10:49.905  INFO 19928 --- [    Test worker] o.s.b.t.m.w.SpringBootMockServletContext : Initializing Spring TestDispatcherServlet ''
2020-11-26 23:10:49.905  INFO 19928 --- [    Test worker] o.s.t.web.servlet.TestDispatcherServlet  : Initializing Servlet ''
2020-11-26 23:10:49.911  INFO 19928 --- [    Test worker] o.s.t.web.servlet.TestDispatcherServlet  : Completed initialization in 6 ms
2020-11-26 23:10:49.917  INFO 19928 --- [    Test worker] o.a.k.clients.admin.AdminClientConfig    : AdminClientConfig values: 
	bootstrap.servers = [MSI:9092]
	client.dns.lookup = default
	client.id = 
	connections.max.idle.ms = 300000
	default.api.timeout.ms = 60000
	metadata.max.age.ms = 300000
	metric.reporters = []
	metrics.num.samples = 2
	metrics.recording.level = INFO
	metrics.sample.window.ms = 30000
	receive.buffer.bytes = 65536
	reconnect.backoff.max.ms = 1000
	reconnect.backoff.ms = 50
	request.timeout.ms = 30000
	retries = 2147483647
	retry.backoff.ms = 100
	sasl.client.callback.handler.class = null
	sasl.jaas.config = null
	sasl.kerberos.kinit.cmd = /usr/bin/kinit
	sasl.kerberos.min.time.before.relogin = 60000
	sasl.kerberos.service.name = null
	sasl.kerberos.ticket.renew.jitter = 0.05
	sasl.kerberos.ticket.renew.window.factor = 0.8
	sasl.login.callback.handler.class = null
	sasl.login.class = null
	sasl.login.refresh.buffer.seconds = 300
	sasl.login.refresh.min.period.seconds = 60
	sasl.login.refresh.window.factor = 0.8
	sasl.login.refresh.window.jitter = 0.05
	sasl.mechanism = GSSAPI
	security.protocol = PLAINTEXT
	security.providers = null
	send.buffer.bytes = 131072
	ssl.cipher.suites = null
	ssl.enabled.protocols = [TLSv1.2]
	ssl.endpoint.identification.algorithm = https
	ssl.key.password = null
	ssl.keymanager.algorithm = SunX509
	ssl.keystore.location = null
	ssl.keystore.password = null
	ssl.keystore.type = JKS
	ssl.protocol = TLSv1.2
	ssl.provider = null
	ssl.secure.random.implementation = null
	ssl.trustmanager.algorithm = PKIX
	ssl.truststore.location = null
	ssl.truststore.password = null
	ssl.truststore.type = JKS

2020-11-26 23:10:49.918  INFO 19928 --- [    Test worker] o.a.kafka.common.utils.AppInfoParser     : Kafka version: 2.5.1
2020-11-26 23:10:49.918  INFO 19928 --- [    Test worker] o.a.kafka.common.utils.AppInfoParser     : Kafka commitId: 0efa8fb0f4c73d92
2020-11-26 23:10:49.918  INFO 19928 --- [    Test worker] o.a.kafka.common.utils.AppInfoParser     : Kafka startTimeMs: 1606428649918
2020-11-26 23:10:50.165  WARN 19928 --- [ntainer#0-0-C-1] org.apache.kafka.clients.NetworkClient   : [Consumer clientId=consumer-group-id-5, groupId=group-id] Connection to node -1 (MSI/192.168.1.17:9092) could not be established. Broker may not be available.
2020-11-26 23:10:50.165  WARN 19928 --- [ntainer#0-0-C-1] org.apache.kafka.clients.NetworkClient   : [Consumer clientId=consumer-group-id-5, groupId=group-id] Bootstrap broker MSI:9092 (id: -1 rack: null) disconnected
2020-11-26 23:10:50.630  WARN 19928 --- [ntainer#0-0-C-1] org.apache.kafka.clients.NetworkClient   : [Consumer clientId=consumer-group-id-1, groupId=group-id] Connection to node -1 (MSI/192.168.1.17:9092) could not be established. Broker may not be available.
2020-11-26 23:10:50.631  WARN 19928 --- [ntainer#0-0-C-1] org.apache.kafka.clients.NetworkClient   : [Consumer clientId=consumer-group-id-1, groupId=group-id] Bootstrap broker MSI:9092 (id: -1 rack: null) disconnected
2020-11-26 23:10:50.646  WARN 19928 --- [ntainer#0-0-C-1] org.apache.kafka.clients.NetworkClient   : [Consumer clientId=consumer-group-id-3, groupId=group-id] Connection to node -1 (MSI/192.168.1.17:9092) could not be established. Broker may not be available.
2020-11-26 23:10:50.647  WARN 19928 --- [ntainer#0-0-C-1] org.apache.kafka.clients.NetworkClient   : [Consumer clientId=consumer-group-id-3, groupId=group-id] Bootstrap broker MSI:9092 (id: -1 rack: null) disconnected
2020-11-26 23:10:50.661  WARN 19928 --- [ntainer#0-0-C-1] org.apache.kafka.clients.NetworkClient   : [Consumer clientId=consumer-group-id-4, groupId=group-id] Connection to node -1 (MSI/192.168.1.17:9092) could not be established. Broker may not be available.
2020-11-26 23:10:50.661  WARN 19928 --- [ntainer#0-0-C-1] org.apache.kafka.clients.NetworkClient   : [Consumer clientId=consumer-group-id-4, groupId=group-id] Bootstrap broker MSI:9092 (id: -1 rack: null) disconnected
2020-11-26 23:10:50.768  WARN 19928 --- [ntainer#0-0-C-1] org.apache.kafka.clients.NetworkClient   : [Consumer clientId=consumer-group-id-2, groupId=group-id] Connection to node -1 (MSI/192.168.1.17:9092) could not be established. Broker may not be available.
2020-11-26 23:10:50.768  WARN 19928 --- [ntainer#0-0-C-1] org.apache.kafka.clients.NetworkClient   : [Consumer clientId=consumer-group-id-2, groupId=group-id] Bootstrap broker MSI:9092 (id: -1 rack: null) disconnected
2020-11-26 23:10:51.823  WARN 19928 --- [ntainer#0-0-C-1] org.apache.kafka.clients.NetworkClient   : [Consumer clientId=consumer-group-id-6, groupId=group-id] Connection to node -1 (MSI/192.168.1.17:9092) could not be established. Broker may not be available.
2020-11-26 23:10:51.823  WARN 19928 --- [ntainer#0-0-C-1] org.apache.kafka.clients.NetworkClient   : [Consumer clientId=consumer-group-id-6, groupId=group-id] Bootstrap broker MSI:9092 (id: -1 rack: null) disconnected
2020-11-26 23:10:51.972  WARN 19928 --- [| adminclient-7] org.apache.kafka.clients.NetworkClient   : [AdminClient clientId=adminclient-7] Connection to node -1 (MSI/192.168.1.17:9092) could not be established. Broker may not be available.
2020-11-26 23:10:53.181  WARN 19928 --- [ntainer#0-0-C-1] org.apache.kafka.clients.NetworkClient   : [Consumer clientId=consumer-group-id-5, groupId=group-id] Connection to node -1 (MSI/192.168.1.17:9092) could not be established. Broker may not be available.
2020-11-26 23:10:53.181  WARN 19928 --- [ntainer#0-0-C-1] org.apache.kafka.clients.NetworkClient   : [Consumer clientId=consumer-group-id-5, groupId=group-id] Bootstrap broker MSI:9092 (id: -1 rack: null) disconnected
2020-11-26 23:10:53.572  WARN 19928 --- [ntainer#0-0-C-1] org.apache.kafka.clients.NetworkClient   : [Consumer clientId=consumer-group-id-1, groupId=group-id] Connection to node -1 (MSI/192.168.1.17:9092) could not be established. Broker may not be available.
2020-11-26 23:10:53.573  WARN 19928 --- [ntainer#0-0-C-1] org.apache.kafka.clients.NetworkClient   : [Consumer clientId=consumer-group-id-1, groupId=group-id] Bootstrap broker MSI:9092 (id: -1 rack: null) disconnected
2020-11-26 23:10:53.710  WARN 19928 --- [ntainer#0-0-C-1] org.apache.kafka.clients.NetworkClient   : [Consumer clientId=consumer-group-id-2, groupId=group-id] Connection to node -1 (MSI/192.168.1.17:9092) could not be established. Broker may not be available.
2020-11-26 23:10:53.710  WARN 19928 --- [ntainer#0-0-C-1] org.apache.kafka.clients.NetworkClient   : [Consumer clientId=consumer-group-id-2, groupId=group-id] Bootstrap broker MSI:9092 (id: -1 rack: null) disconnected
2020-11-26 23:10:53.741  WARN 19928 --- [ntainer#0-0-C-1] org.apache.kafka.clients.NetworkClient   : [Consumer clientId=consumer-group-id-4, groupId=group-id] Connection to node -1 (MSI/192.168.1.17:9092) could not be established. Broker may not be available.
2020-11-26 23:10:53.741  WARN 19928 --- [ntainer#0-0-C-1] org.apache.kafka.clients.NetworkClient   : [Consumer clientId=consumer-group-id-4, groupId=group-id] Bootstrap broker MSI:9092 (id: -1 rack: null) disconnected
2020-11-26 23:10:53.787  WARN 19928 --- [ntainer#0-0-C-1] org.apache.kafka.clients.NetworkClient   : [Consumer clientId=consumer-group-id-3, groupId=group-id] Connection to node -1 (MSI/192.168.1.17:9092) could not be established. Broker may not be available.
2020-11-26 23:10:53.787  WARN 19928 --- [ntainer#0-0-C-1] org.apache.kafka.clients.NetworkClient   : [Consumer clientId=consumer-group-id-3, groupId=group-id] Bootstrap broker MSI:9092 (id: -1 rack: null) disconnected
2020-11-26 23:10:53.974  WARN 19928 --- [ntainer#0-0-C-1] org.apache.kafka.clients.NetworkClient   : [Consumer clientId=consumer-group-id-6, groupId=group-id] Connection to node -1 (MSI/192.168.1.17:9092) could not be established. Broker may not be available.
2020-11-26 23:10:53.974  WARN 19928 --- [ntainer#0-0-C-1] org.apache.kafka.clients.NetworkClient   : [Consumer clientId=consumer-group-id-6, groupId=group-id] Bootstrap broker MSI:9092 (id: -1 rack: null) disconnected
2020-11-26 23:10:54.130  WARN 19928 --- [| adminclient-7] org.apache.kafka.clients.NetworkClient   : [AdminClient clientId=adminclient-7] Connection to node -1 (MSI/192.168.1.17:9092) could not be established. Broker may not be available.
2020-11-26 23:10:56.244  WARN 19928 --- [ntainer#0-0-C-1] org.apache.kafka.clients.NetworkClient   : [Consumer clientId=consumer-group-id-6, groupId=group-id] Connection to node -1 (MSI/192.168.1.17:9092) could not be established. Broker may not be available.
2020-11-26 23:10:56.244  WARN 19928 --- [ntainer#0-0-C-1] org.apache.kafka.clients.NetworkClient   : [Consumer clientId=consumer-group-id-6, groupId=group-id] Bootstrap broker MSI:9092 (id: -1 rack: null) disconnected
2020-11-26 23:10:56.291  WARN 19928 --- [| adminclient-7] org.apache.kafka.clients.NetworkClient   : [AdminClient clientId=adminclient-7] Connection to node -1 (MSI/192.168.1.17:9092) could not be established. Broker may not be available.
2020-11-26 23:10:56.337  WARN 19928 --- [ntainer#0-0-C-1] org.apache.kafka.clients.NetworkClient   : [Consumer clientId=consumer-group-id-5, groupId=group-id] Connection to node -1 (MSI/192.168.1.17:9092) could not be established. Broker may not be available.
2020-11-26 23:10:56.338  WARN 19928 --- [ntainer#0-0-C-1] org.apache.kafka.clients.NetworkClient   : [Consumer clientId=consumer-group-id-5, groupId=group-id] Bootstrap broker MSI:9092 (id: -1 rack: null) disconnected
2020-11-26 23:10:56.523  WARN 19928 --- [ntainer#0-0-C-1] org.apache.kafka.clients.NetworkClient   : [Consumer clientId=consumer-group-id-1, groupId=group-id] Connection to node -1 (MSI/192.168.1.17:9092) could not be established. Broker may not be available.
2020-11-26 23:10:56.523  WARN 19928 --- [ntainer#0-0-C-1] org.apache.kafka.clients.NetworkClient   : [Consumer clientId=consumer-group-id-1, groupId=group-id] Bootstrap broker MSI:9092 (id: -1 rack: null) disconnected
2020-11-26 23:10:56.679  WARN 19928 --- [ntainer#0-0-C-1] org.apache.kafka.clients.NetworkClient   : [Consumer clientId=consumer-group-id-2, groupId=group-id] Connection to node -1 (MSI/192.168.1.17:9092) could not be established. Broker may not be available.
2020-11-26 23:10:56.679  WARN 19928 --- [ntainer#0-0-C-1] org.apache.kafka.clients.NetworkClient   : [Consumer clientId=consumer-group-id-2, groupId=group-id] Bootstrap broker MSI:9092 (id: -1 rack: null) disconnected
2020-11-26 23:10:56.899  WARN 19928 --- [ntainer#0-0-C-1] org.apache.kafka.clients.NetworkClient   : [Consumer clientId=consumer-group-id-4, groupId=group-id] Connection to node -1 (MSI/192.168.1.17:9092) could not be established. Broker may not be available.
2020-11-26 23:10:56.900  WARN 19928 --- [ntainer#0-0-C-1] org.apache.kafka.clients.NetworkClient   : [Consumer clientId=consumer-group-id-4, groupId=group-id] Bootstrap broker MSI:9092 (id: -1 rack: null) disconnected
2020-11-26 23:10:56.931  WARN 19928 --- [ntainer#0-0-C-1] org.apache.kafka.clients.NetworkClient   : [Consumer clientId=consumer-group-id-3, groupId=group-id] Connection to node -1 (MSI/192.168.1.17:9092) could not be established. Broker may not be available.
2020-11-26 23:10:56.931  WARN 19928 --- [ntainer#0-0-C-1] org.apache.kafka.clients.NetworkClient   : [Consumer clientId=consumer-group-id-3, groupId=group-id] Bootstrap broker MSI:9092 (id: -1 rack: null) disconnected
2020-11-26 23:10:58.534  WARN 19928 --- [| adminclient-7] org.apache.kafka.clients.NetworkClient   : [AdminClient clientId=adminclient-7] Connection to node -1 (MSI/192.168.1.17:9092) could not be established. Broker may not be available.
2020-11-26 23:10:58.767  WARN 19928 --- [ntainer#0-0-C-1] org.apache.kafka.clients.NetworkClient   : [Consumer clientId=consumer-group-id-6, groupId=group-id] Connection to node -1 (MSI/192.168.1.17:9092) could not be established. Broker may not be available.
2020-11-26 23:10:58.767  WARN 19928 --- [ntainer#0-0-C-1] org.apache.kafka.clients.NetworkClient   : [Consumer clientId=consumer-group-id-6, groupId=group-id] Bootstrap broker MSI:9092 (id: -1 rack: null) disconnected
2020-11-26 23:10:59.299  WARN 19928 --- [ntainer#0-0-C-1] org.apache.kafka.clients.NetworkClient   : [Consumer clientId=consumer-group-id-5, groupId=group-id] Connection to node -1 (MSI/192.168.1.17:9092) could not be established. Broker may not be available.
2020-11-26 23:10:59.300  WARN 19928 --- [ntainer#0-0-C-1] org.apache.kafka.clients.NetworkClient   : [Consumer clientId=consumer-group-id-5, groupId=group-id] Bootstrap broker MSI:9092 (id: -1 rack: null) disconnected
2020-11-26 23:10:59.594  WARN 19928 --- [ntainer#0-0-C-1] org.apache.kafka.clients.NetworkClient   : [Consumer clientId=consumer-group-id-2, groupId=group-id] Connection to node -1 (MSI/192.168.1.17:9092) could not be established. Broker may not be available.
2020-11-26 23:10:59.595  WARN 19928 --- [ntainer#0-0-C-1] org.apache.kafka.clients.NetworkClient   : [Consumer clientId=consumer-group-id-2, groupId=group-id] Bootstrap broker MSI:9092 (id: -1 rack: null) disconnected
2020-11-26 23:10:59.733  WARN 19928 --- [ntainer#0-0-C-1] org.apache.kafka.clients.NetworkClient   : [Consumer clientId=consumer-group-id-1, groupId=group-id] Connection to node -1 (MSI/192.168.1.17:9092) could not be established. Broker may not be available.
2020-11-26 23:10:59.733  WARN 19928 --- [ntainer#0-0-C-1] org.apache.kafka.clients.NetworkClient   : [Consumer clientId=consumer-group-id-1, groupId=group-id] Bootstrap broker MSI:9092 (id: -1 rack: null) disconnected
2020-11-26 23:10:59.872  WARN 19928 --- [ntainer#0-0-C-1] org.apache.kafka.clients.NetworkClient   : [Consumer clientId=consumer-group-id-4, groupId=group-id] Connection to node -1 (MSI/192.168.1.17:9092) could not be established. Broker may not be available.
2020-11-26 23:10:59.873  WARN 19928 --- [ntainer#0-0-C-1] org.apache.kafka.clients.NetworkClient   : [Consumer clientId=consumer-group-id-4, groupId=group-id] Bootstrap broker MSI:9092 (id: -1 rack: null) disconnected
2020-11-26 23:11:00.028  WARN 19928 --- [ntainer#0-0-C-1] org.apache.kafka.clients.NetworkClient   : [Consumer clientId=consumer-group-id-3, groupId=group-id] Connection to node -1 (MSI/192.168.1.17:9092) could not be established. Broker may not be available.
2020-11-26 23:11:00.028  WARN 19928 --- [ntainer#0-0-C-1] org.apache.kafka.clients.NetworkClient   : [Consumer clientId=consumer-group-id-3, groupId=group-id] Bootstrap broker MSI:9092 (id: -1 rack: null) disconnected
2020-11-26 23:11:01.022  WARN 19928 --- [| adminclient-7] org.apache.kafka.clients.NetworkClient   : [AdminClient clientId=adminclient-7] Connection to node -1 (MSI/192.168.1.17:9092) could not be established. Broker may not be available.
2020-11-26 23:11:01.612  WARN 19928 --- [ntainer#0-0-C-1] org.apache.kafka.clients.NetworkClient   : [Consumer clientId=consumer-group-id-6, groupId=group-id] Connection to node -1 (MSI/192.168.1.17:9092) could not be established. Broker may not be available.
2020-11-26 23:11:01.613  WARN 19928 --- [ntainer#0-0-C-1] org.apache.kafka.clients.NetworkClient   : [Consumer clientId=consumer-group-id-6, groupId=group-id] Bootstrap broker MSI:9092 (id: -1 rack: null) disconnected
2020-11-26 23:11:02.441  WARN 19928 --- [ntainer#0-0-C-1] org.apache.kafka.clients.NetworkClient   : [Consumer clientId=consumer-group-id-5, groupId=group-id] Connection to node -1 (MSI/192.168.1.17:9092) could not be established. Broker may not be available.
2020-11-26 23:11:02.441  WARN 19928 --- [ntainer#0-0-C-1] org.apache.kafka.clients.NetworkClient   : [Consumer clientId=consumer-group-id-5, groupId=group-id] Bootstrap broker MSI:9092 (id: -1 rack: null) disconnected
2020-11-26 23:11:02.765  WARN 19928 --- [ntainer#0-0-C-1] org.apache.kafka.clients.NetworkClient   : [Consumer clientId=consumer-group-id-4, groupId=group-id] Connection to node -1 (MSI/192.168.1.17:9092) could not be established. Broker may not be available.
2020-11-26 23:11:02.766  WARN 19928 --- [ntainer#0-0-C-1] org.apache.kafka.clients.NetworkClient   : [Consumer clientId=consumer-group-id-4, groupId=group-id] Bootstrap broker MSI:9092 (id: -1 rack: null) disconnected
2020-11-26 23:11:02.813  WARN 19928 --- [ntainer#0-0-C-1] org.apache.kafka.clients.NetworkClient   : [Consumer clientId=consumer-group-id-1, groupId=group-id] Connection to node -1 (MSI/192.168.1.17:9092) could not be established. Broker may not be available.
2020-11-26 23:11:02.813  WARN 19928 --- [ntainer#0-0-C-1] org.apache.kafka.clients.NetworkClient   : [Consumer clientId=consumer-group-id-1, groupId=group-id] Bootstrap broker MSI:9092 (id: -1 rack: null) disconnected
2020-11-26 23:11:02.860  WARN 19928 --- [ntainer#0-0-C-1] org.apache.kafka.clients.NetworkClient   : [Consumer clientId=consumer-group-id-2, groupId=group-id] Connection to node -1 (MSI/192.168.1.17:9092) could not be established. Broker may not be available.
2020-11-26 23:11:02.861  WARN 19928 --- [ntainer#0-0-C-1] org.apache.kafka.clients.NetworkClient   : [Consumer clientId=consumer-group-id-2, groupId=group-id] Bootstrap broker MSI:9092 (id: -1 rack: null) disconnected
2020-11-26 23:11:03.293  WARN 19928 --- [ntainer#0-0-C-1] org.apache.kafka.clients.NetworkClient   : [Consumer clientId=consumer-group-id-3, groupId=group-id] Connection to node -1 (MSI/192.168.1.17:9092) could not be established. Broker may not be available.
2020-11-26 23:11:03.293  WARN 19928 --- [ntainer#0-0-C-1] org.apache.kafka.clients.NetworkClient   : [Consumer clientId=consumer-group-id-3, groupId=group-id] Bootstrap broker MSI:9092 (id: -1 rack: null) disconnected
2020-11-26 23:11:03.934  WARN 19928 --- [| adminclient-7] org.apache.kafka.clients.NetworkClient   : [AdminClient clientId=adminclient-7] Connection to node -1 (MSI/192.168.1.17:9092) could not be established. Broker may not be available.
2020-11-26 23:11:04.585  WARN 19928 --- [ntainer#0-0-C-1] org.apache.kafka.clients.NetworkClient   : [Consumer clientId=consumer-group-id-6, groupId=group-id] Connection to node -1 (MSI/192.168.1.17:9092) could not be established. Broker may not be available.
2020-11-26 23:11:04.586  WARN 19928 --- [ntainer#0-0-C-1] org.apache.kafka.clients.NetworkClient   : [Consumer clientId=consumer-group-id-6, groupId=group-id] Bootstrap broker MSI:9092 (id: -1 rack: null) disconnected
2020-11-26 23:11:05.598  WARN 19928 --- [ntainer#0-0-C-1] org.apache.kafka.clients.NetworkClient   : [Consumer clientId=consumer-group-id-5, groupId=group-id] Connection to node -1 (MSI/192.168.1.17:9092) could not be established. Broker may not be available.
2020-11-26 23:11:05.598  WARN 19928 --- [ntainer#0-0-C-1] org.apache.kafka.clients.NetworkClient   : [Consumer clientId=consumer-group-id-5, groupId=group-id] Bootstrap broker MSI:9092 (id: -1 rack: null) disconnected
2020-11-26 23:11:05.924  WARN 19928 --- [ntainer#0-0-C-1] org.apache.kafka.clients.NetworkClient   : [Consumer clientId=consumer-group-id-4, groupId=group-id] Connection to node -1 (MSI/192.168.1.17:9092) could not be established. Broker may not be available.
2020-11-26 23:11:05.924  WARN 19928 --- [ntainer#0-0-C-1] org.apache.kafka.clients.NetworkClient   : [Consumer clientId=consumer-group-id-4, groupId=group-id] Bootstrap broker MSI:9092 (id: -1 rack: null) disconnected
2020-11-26 23:11:06.048  WARN 19928 --- [ntainer#0-0-C-1] org.apache.kafka.clients.NetworkClient   : [Consumer clientId=consumer-group-id-1, groupId=group-id] Connection to node -1 (MSI/192.168.1.17:9092) could not be established. Broker may not be available.
2020-11-26 23:11:06.049  WARN 19928 --- [ntainer#0-0-C-1] org.apache.kafka.clients.NetworkClient   : [Consumer clientId=consumer-group-id-1, groupId=group-id] Bootstrap broker MSI:9092 (id: -1 rack: null) disconnected
2020-11-26 23:11:06.143  WARN 19928 --- [ntainer#0-0-C-1] org.apache.kafka.clients.NetworkClient   : [Consumer clientId=consumer-group-id-2, groupId=group-id] Connection to node -1 (MSI/192.168.1.17:9092) could not be established. Broker may not be available.
2020-11-26 23:11:06.143  WARN 19928 --- [ntainer#0-0-C-1] org.apache.kafka.clients.NetworkClient   : [Consumer clientId=consumer-group-id-2, groupId=group-id] Bootstrap broker MSI:9092 (id: -1 rack: null) disconnected
2020-11-26 23:11:06.452  WARN 19928 --- [ntainer#0-0-C-1] org.apache.kafka.clients.NetworkClient   : [Consumer clientId=consumer-group-id-3, groupId=group-id] Connection to node -1 (MSI/192.168.1.17:9092) could not be established. Broker may not be available.
2020-11-26 23:11:06.453  WARN 19928 --- [ntainer#0-0-C-1] org.apache.kafka.clients.NetworkClient   : [Consumer clientId=consumer-group-id-3, groupId=group-id] Bootstrap broker MSI:9092 (id: -1 rack: null) disconnected
2020-11-26 23:11:07.075  WARN 19928 --- [| adminclient-7] org.apache.kafka.clients.NetworkClient   : [AdminClient clientId=adminclient-7] Connection to node -1 (MSI/192.168.1.17:9092) could not be established. Broker may not be available.
2020-11-26 23:11:07.682  WARN 19928 --- [ntainer#0-0-C-1] org.apache.kafka.clients.NetworkClient   : [Consumer clientId=consumer-group-id-6, groupId=group-id] Connection to node -1 (MSI/192.168.1.17:9092) could not be established. Broker may not be available.
2020-11-26 23:11:07.683  WARN 19928 --- [ntainer#0-0-C-1] org.apache.kafka.clients.NetworkClient   : [Consumer clientId=consumer-group-id-6, groupId=group-id] Bootstrap broker MSI:9092 (id: -1 rack: null) disconnected
2020-11-26 23:11:08.616  WARN 19928 --- [ntainer#0-0-C-1] org.apache.kafka.clients.NetworkClient   : [Consumer clientId=consumer-group-id-5, groupId=group-id] Connection to node -1 (MSI/192.168.1.17:9092) could not be established. Broker may not be available.
2020-11-26 23:11:08.617  WARN 19928 --- [ntainer#0-0-C-1] org.apache.kafka.clients.NetworkClient   : [Consumer clientId=consumer-group-id-5, groupId=group-id] Bootstrap broker MSI:9092 (id: -1 rack: null) disconnected
2020-11-26 23:11:09.054  WARN 19928 --- [ntainer#0-0-C-1] org.apache.kafka.clients.NetworkClient   : [Consumer clientId=consumer-group-id-2, groupId=group-id] Connection to node -1 (MSI/192.168.1.17:9092) could not be established. Broker may not be available.
2020-11-26 23:11:09.055  WARN 19928 --- [ntainer#0-0-C-1] org.apache.kafka.clients.NetworkClient   : [Consumer clientId=consumer-group-id-2, groupId=group-id] Bootstrap broker MSI:9092 (id: -1 rack: null) disconnected
2020-11-26 23:11:09.070  WARN 19928 --- [ntainer#0-0-C-1] org.apache.kafka.clients.NetworkClient   : [Consumer clientId=consumer-group-id-1, groupId=group-id] Connection to node -1 (MSI/192.168.1.17:9092) could not be established. Broker may not be available.
2020-11-26 23:11:09.070  WARN 19928 --- [ntainer#0-0-C-1] org.apache.kafka.clients.NetworkClient   : [Consumer clientId=consumer-group-id-1, groupId=group-id] Bootstrap broker MSI:9092 (id: -1 rack: null) disconnected
2020-11-26 23:11:09.117  WARN 19928 --- [ntainer#0-0-C-1] org.apache.kafka.clients.NetworkClient   : [Consumer clientId=consumer-group-id-4, groupId=group-id] Connection to node -1 (MSI/192.168.1.17:9092) could not be established. Broker may not be available.
2020-11-26 23:11:09.118  WARN 19928 --- [ntainer#0-0-C-1] org.apache.kafka.clients.NetworkClient   : [Consumer clientId=consumer-group-id-4, groupId=group-id] Bootstrap broker MSI:9092 (id: -1 rack: null) disconnected
2020-11-26 23:11:09.537  WARN 19928 --- [ntainer#0-0-C-1] org.apache.kafka.clients.NetworkClient   : [Consumer clientId=consumer-group-id-3, groupId=group-id] Connection to node -1 (MSI/192.168.1.17:9092) could not be established. Broker may not be available.
2020-11-26 23:11:09.537  WARN 19928 --- [ntainer#0-0-C-1] org.apache.kafka.clients.NetworkClient   : [Consumer clientId=consumer-group-id-3, groupId=group-id] Bootstrap broker MSI:9092 (id: -1 rack: null) disconnected
2020-11-26 23:11:09.990  WARN 19928 --- [| adminclient-7] org.apache.kafka.clients.NetworkClient   : [AdminClient clientId=adminclient-7] Connection to node -1 (MSI/192.168.1.17:9092) could not be established. Broker may not be available.
2020-11-26 23:11:10.598  WARN 19928 --- [ntainer#0-0-C-1] org.apache.kafka.clients.NetworkClient   : [Consumer clientId=consumer-group-id-6, groupId=group-id] Connection to node -1 (MSI/192.168.1.17:9092) could not be established. Broker may not be available.
2020-11-26 23:11:10.598  WARN 19928 --- [ntainer#0-0-C-1] org.apache.kafka.clients.NetworkClient   : [Consumer clientId=consumer-group-id-6, groupId=group-id] Bootstrap broker MSI:9092 (id: -1 rack: null) disconnected
2020-11-26 23:11:11.843  WARN 19928 --- [ntainer#0-0-C-1] org.apache.kafka.clients.NetworkClient   : [Consumer clientId=consumer-group-id-5, groupId=group-id] Connection to node -1 (MSI/192.168.1.17:9092) could not be established. Broker may not be available.
2020-11-26 23:11:11.843  WARN 19928 --- [ntainer#0-0-C-1] org.apache.kafka.clients.NetworkClient   : [Consumer clientId=consumer-group-id-5, groupId=group-id] Bootstrap broker MSI:9092 (id: -1 rack: null) disconnected
2020-11-26 23:11:12.030  WARN 19928 --- [ntainer#0-0-C-1] org.apache.kafka.clients.NetworkClient   : [Consumer clientId=consumer-group-id-1, groupId=group-id] Connection to node -1 (MSI/192.168.1.17:9092) could not be established. Broker may not be available.
2020-11-26 23:11:12.030  WARN 19928 --- [ntainer#0-0-C-1] org.apache.kafka.clients.NetworkClient   : [Consumer clientId=consumer-group-id-1, groupId=group-id] Bootstrap broker MSI:9092 (id: -1 rack: null) disconnected
2020-11-26 23:11:12.217  WARN 19928 --- [ntainer#0-0-C-1] org.apache.kafka.clients.NetworkClient   : [Consumer clientId=consumer-group-id-2, groupId=group-id] Connection to node -1 (MSI/192.168.1.17:9092) could not be established. Broker may not be available.
2020-11-26 23:11:12.217  WARN 19928 --- [ntainer#0-0-C-1] org.apache.kafka.clients.NetworkClient   : [Consumer clientId=consumer-group-id-4, groupId=group-id] Connection to node -1 (MSI/192.168.1.17:9092) could not be established. Broker may not be available.
2020-11-26 23:11:12.218  WARN 19928 --- [ntainer#0-0-C-1] org.apache.kafka.clients.NetworkClient   : [Consumer clientId=consumer-group-id-2, groupId=group-id] Bootstrap broker MSI:9092 (id: -1 rack: null) disconnected
2020-11-26 23:11:12.218  WARN 19928 --- [ntainer#0-0-C-1] org.apache.kafka.clients.NetworkClient   : [Consumer clientId=consumer-group-id-4, groupId=group-id] Bootstrap broker MSI:9092 (id: -1 rack: null) disconnected
2020-11-26 23:11:12.637  WARN 19928 --- [ntainer#0-0-C-1] org.apache.kafka.clients.NetworkClient   : [Consumer clientId=consumer-group-id-3, groupId=group-id] Connection to node -1 (MSI/192.168.1.17:9092) could not be established. Broker may not be available.
2020-11-26 23:11:12.638  WARN 19928 --- [ntainer#0-0-C-1] org.apache.kafka.clients.NetworkClient   : [Consumer clientId=consumer-group-id-3, groupId=group-id] Bootstrap broker MSI:9092 (id: -1 rack: null) disconnected
2020-11-26 23:11:13.027  WARN 19928 --- [| adminclient-7] org.apache.kafka.clients.NetworkClient   : [AdminClient clientId=adminclient-7] Connection to node -1 (MSI/192.168.1.17:9092) could not be established. Broker may not be available.
2020-11-26 23:11:13.570  WARN 19928 --- [ntainer#0-0-C-1] org.apache.kafka.clients.NetworkClient   : [Consumer clientId=consumer-group-id-6, groupId=group-id] Connection to node -1 (MSI/192.168.1.17:9092) could not be established. Broker may not be available.
2020-11-26 23:11:13.571  WARN 19928 --- [ntainer#0-0-C-1] org.apache.kafka.clients.NetworkClient   : [Consumer clientId=consumer-group-id-6, groupId=group-id] Bootstrap broker MSI:9092 (id: -1 rack: null) disconnected
2020-11-26 23:11:14.875  WARN 19928 --- [ntainer#0-0-C-1] org.apache.kafka.clients.NetworkClient   : [Consumer clientId=consumer-group-id-5, groupId=group-id] Connection to node -1 (MSI/192.168.1.17:9092) could not be established. Broker may not be available.
2020-11-26 23:11:14.875  WARN 19928 --- [ntainer#0-0-C-1] org.apache.kafka.clients.NetworkClient   : [Consumer clientId=consumer-group-id-5, groupId=group-id] Bootstrap broker MSI:9092 (id: -1 rack: null) disconnected
2020-11-26 23:11:15.186  WARN 19928 --- [ntainer#0-0-C-1] org.apache.kafka.clients.NetworkClient   : [Consumer clientId=consumer-group-id-1, groupId=group-id] Connection to node -1 (MSI/192.168.1.17:9092) could not be established. Broker may not be available.
2020-11-26 23:11:15.186  WARN 19928 --- [ntainer#0-0-C-1] org.apache.kafka.clients.NetworkClient   : [Consumer clientId=consumer-group-id-1, groupId=group-id] Bootstrap broker MSI:9092 (id: -1 rack: null) disconnected
2020-11-26 23:11:15.309  WARN 19928 --- [ntainer#0-0-C-1] org.apache.kafka.clients.NetworkClient   : [Consumer clientId=consumer-group-id-2, groupId=group-id] Connection to node -1 (MSI/192.168.1.17:9092) could not be established. Broker may not be available.
2020-11-26 23:11:15.310  WARN 19928 --- [ntainer#0-0-C-1] org.apache.kafka.clients.NetworkClient   : [Consumer clientId=consumer-group-id-2, groupId=group-id] Bootstrap broker MSI:9092 (id: -1 rack: null) disconnected
2020-11-26 23:11:15.433  WARN 19928 --- [ntainer#0-0-C-1] org.apache.kafka.clients.NetworkClient   : [Consumer clientId=consumer-group-id-4, groupId=group-id] Connection to node -1 (MSI/192.168.1.17:9092) could not be established. Broker may not be available.
2020-11-26 23:11:15.433  WARN 19928 --- [ntainer#0-0-C-1] org.apache.kafka.clients.NetworkClient   : [Consumer clientId=consumer-group-id-4, groupId=group-id] Bootstrap broker MSI:9092 (id: -1 rack: null) disconnected
2020-11-26 23:11:15.527  WARN 19928 --- [ntainer#0-0-C-1] org.apache.kafka.clients.NetworkClient   : [Consumer clientId=consumer-group-id-3, groupId=group-id] Connection to node -1 (MSI/192.168.1.17:9092) could not be established. Broker may not be available.
2020-11-26 23:11:15.527  WARN 19928 --- [ntainer#0-0-C-1] org.apache.kafka.clients.NetworkClient   : [Consumer clientId=consumer-group-id-3, groupId=group-id] Bootstrap broker MSI:9092 (id: -1 rack: null) disconnected
2020-11-26 23:11:16.055  WARN 19928 --- [| adminclient-7] org.apache.kafka.clients.NetworkClient   : [AdminClient clientId=adminclient-7] Connection to node -1 (MSI/192.168.1.17:9092) could not be established. Broker may not be available.
2020-11-26 23:11:16.663  WARN 19928 --- [ntainer#0-0-C-1] org.apache.kafka.clients.NetworkClient   : [Consumer clientId=consumer-group-id-6, groupId=group-id] Connection to node -1 (MSI/192.168.1.17:9092) could not be established. Broker may not be available.
2020-11-26 23:11:16.664  WARN 19928 --- [ntainer#0-0-C-1] org.apache.kafka.clients.NetworkClient   : [Consumer clientId=consumer-group-id-6, groupId=group-id] Bootstrap broker MSI:9092 (id: -1 rack: null) disconnected
2020-11-26 23:11:18.033  WARN 19928 --- [ntainer#0-0-C-1] org.apache.kafka.clients.NetworkClient   : [Consumer clientId=consumer-group-id-5, groupId=group-id] Connection to node -1 (MSI/192.168.1.17:9092) could not be established. Broker may not be available.
2020-11-26 23:11:18.033  WARN 19928 --- [ntainer#0-0-C-1] org.apache.kafka.clients.NetworkClient   : [Consumer clientId=consumer-group-id-5, groupId=group-id] Bootstrap broker MSI:9092 (id: -1 rack: null) disconnected
2020-11-26 23:11:18.345  WARN 19928 --- [ntainer#0-0-C-1] org.apache.kafka.clients.NetworkClient   : [Consumer clientId=consumer-group-id-1, groupId=group-id] Connection to node -1 (MSI/192.168.1.17:9092) could not be established. Broker may not be available.
2020-11-26 23:11:18.346  WARN 19928 --- [ntainer#0-0-C-1] org.apache.kafka.clients.NetworkClient   : [Consumer clientId=consumer-group-id-1, groupId=group-id] Bootstrap broker MSI:9092 (id: -1 rack: null) disconnected
2020-11-26 23:11:18.455  WARN 19928 --- [ntainer#0-0-C-1] org.apache.kafka.clients.NetworkClient   : [Consumer clientId=consumer-group-id-2, groupId=group-id] Connection to node -1 (MSI/192.168.1.17:9092) could not be established. Broker may not be available.
2020-11-26 23:11:18.455  WARN 19928 --- [ntainer#0-0-C-1] org.apache.kafka.clients.NetworkClient   : [Consumer clientId=consumer-group-id-2, groupId=group-id] Bootstrap broker MSI:9092 (id: -1 rack: null) disconnected
2020-11-26 23:11:18.471  WARN 19928 --- [ntainer#0-0-C-1] org.apache.kafka.clients.NetworkClient   : [Consumer clientId=consumer-group-id-4, groupId=group-id] Connection to node -1 (MSI/192.168.1.17:9092) could not be established. Broker may not be available.
2020-11-26 23:11:18.471  WARN 19928 --- [ntainer#0-0-C-1] org.apache.kafka.clients.NetworkClient   : [Consumer clientId=consumer-group-id-4, groupId=group-id] Bootstrap broker MSI:9092 (id: -1 rack: null) disconnected
2020-11-26 23:11:18.502  WARN 19928 --- [ntainer#0-0-C-1] org.apache.kafka.clients.NetworkClient   : [Consumer clientId=consumer-group-id-3, groupId=group-id] Connection to node -1 (MSI/192.168.1.17:9092) could not be established. Broker may not be available.
2020-11-26 23:11:18.503  WARN 19928 --- [ntainer#0-0-C-1] org.apache.kafka.clients.NetworkClient   : [Consumer clientId=consumer-group-id-3, groupId=group-id] Bootstrap broker MSI:9092 (id: -1 rack: null) disconnected
2020-11-26 23:11:19.310  WARN 19928 --- [| adminclient-7] org.apache.kafka.clients.NetworkClient   : [AdminClient clientId=adminclient-7] Connection to node -1 (MSI/192.168.1.17:9092) could not be established. Broker may not be available.
2020-11-26 23:11:19.687  WARN 19928 --- [ntainer#0-0-C-1] org.apache.kafka.clients.NetworkClient   : [Consumer clientId=consumer-group-id-6, groupId=group-id] Connection to node -1 (MSI/192.168.1.17:9092) could not be established. Broker may not be available.
2020-11-26 23:11:19.687  WARN 19928 --- [ntainer#0-0-C-1] org.apache.kafka.clients.NetworkClient   : [Consumer clientId=consumer-group-id-6, groupId=group-id] Bootstrap broker MSI:9092 (id: -1 rack: null) disconnected
2020-11-26 23:11:19.921  INFO 19928 --- [| adminclient-7] o.a.k.c.a.i.AdminMetadataManager         : [AdminClient clientId=adminclient-7] Metadata update failed

org.apache.kafka.common.errors.TimeoutException: Call(callName=fetchMetadata, deadlineMs=1606428679919) timed out at 1606428679921 after 1 attempt(s)
Caused by: org.apache.kafka.common.errors.TimeoutException: Timed out waiting for a node assignment.

2020-11-26 23:11:19.932 ERROR 19928 --- [    Test worker] o.springframework.kafka.core.KafkaAdmin  : Could not configure topics

org.springframework.kafka.KafkaException: Timed out waiting to get existing topics; nested exception is java.util.concurrent.TimeoutException
	at org.springframework.kafka.core.KafkaAdmin.lambda$checkPartitions$4(KafkaAdmin.java:254) [spring-kafka-2.6.2.jar:2.6.2]
	at java.util.HashMap.forEach(HashMap.java:1289) ~[na:1.8.0_272]
	at org.springframework.kafka.core.KafkaAdmin.checkPartitions(KafkaAdmin.java:233) [spring-kafka-2.6.2.jar:2.6.2]
	at org.springframework.kafka.core.KafkaAdmin.addTopicsIfNeeded(KafkaAdmin.java:219) [spring-kafka-2.6.2.jar:2.6.2]
	at org.springframework.kafka.core.KafkaAdmin.initialize(KafkaAdmin.java:189) [spring-kafka-2.6.2.jar:2.6.2]
	at org.springframework.kafka.core.KafkaAdmin.afterSingletonsInstantiated(KafkaAdmin.java:157) [spring-kafka-2.6.2.jar:2.6.2]
	at org.springframework.beans.factory.support.DefaultListableBeanFactory.preInstantiateSingletons(DefaultListableBeanFactory.java:914) [spring-beans-5.2.9.RELEASE.jar:5.2.9.RELEASE]
	at org.springframework.context.support.AbstractApplicationContext.finishBeanFactoryInitialization(AbstractApplicationContext.java:879) [spring-context-5.2.9.RELEASE.jar:5.2.9.RELEASE]
	at org.springframework.context.support.AbstractApplicationContext.refresh(AbstractApplicationContext.java:551) [spring-context-5.2.9.RELEASE.jar:5.2.9.RELEASE]
	at org.springframework.boot.SpringApplication.refresh(SpringApplication.java:758) [spring-boot-2.3.4.RELEASE.jar:2.3.4.RELEASE]
	at org.springframework.boot.SpringApplication.refresh(SpringApplication.java:750) [spring-boot-2.3.4.RELEASE.jar:2.3.4.RELEASE]
	at org.springframework.boot.SpringApplication.refreshContext(SpringApplication.java:397) [spring-boot-2.3.4.RELEASE.jar:2.3.4.RELEASE]
	at org.springframework.boot.SpringApplication.run(SpringApplication.java:315) [spring-boot-2.3.4.RELEASE.jar:2.3.4.RELEASE]
	at org.springframework.boot.test.context.SpringBootContextLoader.loadContext(SpringBootContextLoader.java:120) [spring-boot-test-2.3.4.RELEASE.jar:2.3.4.RELEASE]
	at org.springframework.test.context.cache.DefaultCacheAwareContextLoaderDelegate.loadContextInternal(DefaultCacheAwareContextLoaderDelegate.java:99) [spring-test-5.2.9.RELEASE.jar:5.2.9.RELEASE]
	at org.springframework.test.context.cache.DefaultCacheAwareContextLoaderDelegate.loadContext(DefaultCacheAwareContextLoaderDelegate.java:124) [spring-test-5.2.9.RELEASE.jar:5.2.9.RELEASE]
	at org.springframework.test.context.support.DefaultTestContext.getApplicationContext(DefaultTestContext.java:123) [spring-test-5.2.9.RELEASE.jar:5.2.9.RELEASE]
	at org.springframework.test.context.web.ServletTestExecutionListener.setUpRequestContextIfNecessary(ServletTestExecutionListener.java:190) [spring-test-5.2.9.RELEASE.jar:5.2.9.RELEASE]
	at org.springframework.test.context.web.ServletTestExecutionListener.prepareTestInstance(ServletTestExecutionListener.java:132) [spring-test-5.2.9.RELEASE.jar:5.2.9.RELEASE]
	at org.springframework.test.context.TestContextManager.prepareTestInstance(TestContextManager.java:244) [spring-test-5.2.9.RELEASE.jar:5.2.9.RELEASE]
	at org.springframework.test.context.junit.jupiter.SpringExtension.postProcessTestInstance(SpringExtension.java:98) [spring-test-5.2.9.RELEASE.jar:5.2.9.RELEASE]
	at org.junit.jupiter.engine.descriptor.ClassBasedTestDescriptor.lambda$invokeTestInstancePostProcessors$5(ClassBasedTestDescriptor.java:341) [junit-jupiter-engine-5.6.2.jar:5.6.2]
	at org.junit.jupiter.engine.descriptor.ClassBasedTestDescriptor.executeAndMaskThrowable(ClassBasedTestDescriptor.java:346) [junit-jupiter-engine-5.6.2.jar:5.6.2]
	at org.junit.jupiter.engine.descriptor.ClassBasedTestDescriptor.lambda$invokeTestInstancePostProcessors$6(ClassBasedTestDescriptor.java:341) [junit-jupiter-engine-5.6.2.jar:5.6.2]
	at java.util.stream.ReferencePipeline$3$1.accept(ReferencePipeline.java:193) ~[na:1.8.0_272]
	at java.util.stream.ReferencePipeline$2$1.accept(ReferencePipeline.java:175) ~[na:1.8.0_272]
	at java.util.ArrayList$ArrayListSpliterator.forEachRemaining(ArrayList.java:1384) ~[na:1.8.0_272]
	at java.util.stream.AbstractPipeline.copyInto(AbstractPipeline.java:482) ~[na:1.8.0_272]
	at java.util.stream.AbstractPipeline.wrapAndCopyInto(AbstractPipeline.java:472) ~[na:1.8.0_272]
	at java.util.stream.StreamSpliterators$WrappingSpliterator.forEachRemaining(StreamSpliterators.java:313) ~[na:1.8.0_272]
	at java.util.stream.Streams$ConcatSpliterator.forEachRemaining(Streams.java:743) ~[na:1.8.0_272]
	at java.util.stream.Streams$ConcatSpliterator.forEachRemaining(Streams.java:742) ~[na:1.8.0_272]
	at java.util.stream.ReferencePipeline$Head.forEach(ReferencePipeline.java:647) ~[na:1.8.0_272]
	at org.junit.jupiter.engine.descriptor.ClassBasedTestDescriptor.invokeTestInstancePostProcessors(ClassBasedTestDescriptor.java:340) [junit-jupiter-engine-5.6.2.jar:5.6.2]
	at org.junit.jupiter.engine.descriptor.ClassBasedTestDescriptor.instantiateAndPostProcessTestInstance(ClassBasedTestDescriptor.java:263) [junit-jupiter-engine-5.6.2.jar:5.6.2]
	at org.junit.jupiter.engine.descriptor.ClassBasedTestDescriptor.lambda$testInstancesProvider$2(ClassBasedTestDescriptor.java:256) [junit-jupiter-engine-5.6.2.jar:5.6.2]
	at java.util.Optional.orElseGet(Optional.java:267) ~[na:1.8.0_272]
	at org.junit.jupiter.engine.descriptor.ClassBasedTestDescriptor.lambda$testInstancesProvider$3(ClassBasedTestDescriptor.java:255) [junit-jupiter-engine-5.6.2.jar:5.6.2]
	at org.junit.jupiter.engine.execution.TestInstancesProvider.getTestInstances(TestInstancesProvider.java:29) ~[junit-jupiter-engine-5.6.2.jar:5.6.2]
	at org.junit.jupiter.engine.descriptor.TestMethodTestDescriptor.lambda$prepare$0(TestMethodTestDescriptor.java:108) ~[junit-jupiter-engine-5.6.2.jar:5.6.2]
	at org.junit.platform.engine.support.hierarchical.ThrowableCollector.execute(ThrowableCollector.java:73) ~[junit-platform-engine-1.6.2.jar:1.6.2]
	at org.junit.jupiter.engine.descriptor.TestMethodTestDescriptor.prepare(TestMethodTestDescriptor.java:107) ~[junit-jupiter-engine-5.6.2.jar:5.6.2]
	at org.junit.jupiter.engine.descriptor.TestMethodTestDescriptor.prepare(TestMethodTestDescriptor.java:71) ~[junit-jupiter-engine-5.6.2.jar:5.6.2]
	at org.junit.platform.engine.support.hierarchical.NodeTestTask.lambda$prepare$1(NodeTestTask.java:107) ~[junit-platform-engine-1.6.2.jar:1.6.2]
	at org.junit.platform.engine.support.hierarchical.ThrowableCollector.execute(ThrowableCollector.java:73) ~[junit-platform-engine-1.6.2.jar:1.6.2]
	at org.junit.platform.engine.support.hierarchical.NodeTestTask.prepare(NodeTestTask.java:107) ~[junit-platform-engine-1.6.2.jar:1.6.2]
	at org.junit.platform.engine.support.hierarchical.NodeTestTask.execute(NodeTestTask.java:75) ~[junit-platform-engine-1.6.2.jar:1.6.2]
	at java.util.ArrayList.forEach(ArrayList.java:1259) ~[na:1.8.0_272]
	at org.junit.platform.engine.support.hierarchical.SameThreadHierarchicalTestExecutorService.invokeAll(SameThreadHierarchicalTestExecutorService.java:38) ~[junit-platform-engine-1.6.2.jar:1.6.2]
	at org.junit.platform.engine.support.hierarchical.NodeTestTask.lambda$executeRecursively$5(NodeTestTask.java:139) ~[junit-platform-engine-1.6.2.jar:1.6.2]
	at org.junit.platform.engine.support.hierarchical.ThrowableCollector.execute(ThrowableCollector.java:73) ~[junit-platform-engine-1.6.2.jar:1.6.2]
	at org.junit.platform.engine.support.hierarchical.NodeTestTask.lambda$executeRecursively$7(NodeTestTask.java:125) ~[junit-platform-engine-1.6.2.jar:1.6.2]
	at org.junit.platform.engine.support.hierarchical.Node.around(Node.java:135) ~[junit-platform-engine-1.6.2.jar:1.6.2]
	at org.junit.platform.engine.support.hierarchical.NodeTestTask.lambda$executeRecursively$8(NodeTestTask.java:123) ~[junit-platform-engine-1.6.2.jar:1.6.2]
	at org.junit.platform.engine.support.hierarchical.ThrowableCollector.execute(ThrowableCollector.java:73) ~[junit-platform-engine-1.6.2.jar:1.6.2]
	at org.junit.platform.engine.support.hierarchical.NodeTestTask.executeRecursively(NodeTestTask.java:122) ~[junit-platform-engine-1.6.2.jar:1.6.2]
	at org.junit.platform.engine.support.hierarchical.NodeTestTask.execute(NodeTestTask.java:80) ~[junit-platform-engine-1.6.2.jar:1.6.2]
	at java.util.ArrayList.forEach(ArrayList.java:1259) ~[na:1.8.0_272]
	at org.junit.platform.engine.support.hierarchical.SameThreadHierarchicalTestExecutorService.invokeAll(SameThreadHierarchicalTestExecutorService.java:38) ~[junit-platform-engine-1.6.2.jar:1.6.2]
	at org.junit.platform.engine.support.hierarchical.NodeTestTask.lambda$executeRecursively$5(NodeTestTask.java:139) ~[junit-platform-engine-1.6.2.jar:1.6.2]
	at org.junit.platform.engine.support.hierarchical.ThrowableCollector.execute(ThrowableCollector.java:73) ~[junit-platform-engine-1.6.2.jar:1.6.2]
	at org.junit.platform.engine.support.hierarchical.NodeTestTask.lambda$executeRecursively$7(NodeTestTask.java:125) ~[junit-platform-engine-1.6.2.jar:1.6.2]
	at org.junit.platform.engine.support.hierarchical.Node.around(Node.java:135) ~[junit-platform-engine-1.6.2.jar:1.6.2]
	at org.junit.platform.engine.support.hierarchical.NodeTestTask.lambda$executeRecursively$8(NodeTestTask.java:123) ~[junit-platform-engine-1.6.2.jar:1.6.2]
	at org.junit.platform.engine.support.hierarchical.ThrowableCollector.execute(ThrowableCollector.java:73) ~[junit-platform-engine-1.6.2.jar:1.6.2]
	at org.junit.platform.engine.support.hierarchical.NodeTestTask.executeRecursively(NodeTestTask.java:122) ~[junit-platform-engine-1.6.2.jar:1.6.2]
	at org.junit.platform.engine.support.hierarchical.NodeTestTask.execute(NodeTestTask.java:80) ~[junit-platform-engine-1.6.2.jar:1.6.2]
	at org.junit.platform.engine.support.hierarchical.SameThreadHierarchicalTestExecutorService.submit(SameThreadHierarchicalTestExecutorService.java:32) ~[junit-platform-engine-1.6.2.jar:1.6.2]
	at org.junit.platform.engine.support.hierarchical.HierarchicalTestExecutor.execute(HierarchicalTestExecutor.java:57) ~[junit-platform-engine-1.6.2.jar:1.6.2]
	at org.junit.platform.engine.support.hierarchical.HierarchicalTestEngine.execute(HierarchicalTestEngine.java:51) ~[junit-platform-engine-1.6.2.jar:1.6.2]
	at org.junit.platform.launcher.core.DefaultLauncher.execute(DefaultLauncher.java:248) ~[na:na]
	at org.junit.platform.launcher.core.DefaultLauncher.lambda$execute$5(DefaultLauncher.java:211) ~[na:na]
	at org.junit.platform.launcher.core.DefaultLauncher.withInterceptedStreams(DefaultLauncher.java:226) ~[na:na]
	at org.junit.platform.launcher.core.DefaultLauncher.execute(DefaultLauncher.java:199) ~[na:na]
	at org.junit.platform.launcher.core.DefaultLauncher.execute(DefaultLauncher.java:132) ~[na:na]
	at org.gradle.api.internal.tasks.testing.junitplatform.JUnitPlatformTestClassProcessor$CollectAllTestClassesExecutor.processAllTestClasses(JUnitPlatformTestClassProcessor.java:99) ~[na:na]
	at org.gradle.api.internal.tasks.testing.junitplatform.JUnitPlatformTestClassProcessor$CollectAllTestClassesExecutor.access$000(JUnitPlatformTestClassProcessor.java:79) ~[na:na]
	at org.gradle.api.internal.tasks.testing.junitplatform.JUnitPlatformTestClassProcessor.stop(JUnitPlatformTestClassProcessor.java:75) ~[na:na]
	at org.gradle.api.internal.tasks.testing.SuiteTestClassProcessor.stop(SuiteTestClassProcessor.java:61) ~[na:na]
	at sun.reflect.NativeMethodAccessorImpl.invoke0(Native Method) ~[na:1.8.0_272]
	at sun.reflect.NativeMethodAccessorImpl.invoke(NativeMethodAccessorImpl.java:62) ~[na:1.8.0_272]
	at sun.reflect.DelegatingMethodAccessorImpl.invoke(DelegatingMethodAccessorImpl.java:43) ~[na:1.8.0_272]
	at java.lang.reflect.Method.invoke(Method.java:498) ~[na:1.8.0_272]
	at org.gradle.internal.dispatch.ReflectionDispatch.dispatch(ReflectionDispatch.java:36) ~[na:na]
	at org.gradle.internal.dispatch.ReflectionDispatch.dispatch(ReflectionDispatch.java:24) ~[na:na]
	at org.gradle.internal.dispatch.ContextClassLoaderDispatch.dispatch(ContextClassLoaderDispatch.java:33) ~[na:na]
	at org.gradle.internal.dispatch.ProxyDispatchAdapter$DispatchingInvocationHandler.invoke(ProxyDispatchAdapter.java:94) ~[na:na]
	at com.sun.proxy.$Proxy2.stop(Unknown Source) ~[na:na]
	at org.gradle.api.internal.tasks.testing.worker.TestWorker.stop(TestWorker.java:133) ~[na:na]
	at sun.reflect.NativeMethodAccessorImpl.invoke0(Native Method) ~[na:1.8.0_272]
	at sun.reflect.NativeMethodAccessorImpl.invoke(NativeMethodAccessorImpl.java:62) ~[na:1.8.0_272]
	at sun.reflect.DelegatingMethodAccessorImpl.invoke(DelegatingMethodAccessorImpl.java:43) ~[na:1.8.0_272]
	at java.lang.reflect.Method.invoke(Method.java:498) ~[na:1.8.0_272]
	at org.gradle.internal.dispatch.ReflectionDispatch.dispatch(ReflectionDispatch.java:36) ~[na:na]
	at org.gradle.internal.dispatch.ReflectionDispatch.dispatch(ReflectionDispatch.java:24) ~[na:na]
	at org.gradle.internal.remote.internal.hub.MessageHubBackedObjectConnection$DispatchWrapper.dispatch(MessageHubBackedObjectConnection.java:182) ~[na:na]
	at org.gradle.internal.remote.internal.hub.MessageHubBackedObjectConnection$DispatchWrapper.dispatch(MessageHubBackedObjectConnection.java:164) ~[na:na]
	at org.gradle.internal.remote.internal.hub.MessageHub$Handler.run(MessageHub.java:414) ~[na:na]
	at org.gradle.internal.concurrent.ExecutorPolicy$CatchAndRecordFailures.onExecute(ExecutorPolicy.java:64) ~[na:na]
	at org.gradle.internal.concurrent.ManagedExecutorImpl$1.run(ManagedExecutorImpl.java:48) ~[na:na]
	at java.util.concurrent.ThreadPoolExecutor.runWorker(ThreadPoolExecutor.java:1149) ~[na:1.8.0_272]
	at java.util.concurrent.ThreadPoolExecutor$Worker.run(ThreadPoolExecutor.java:624) ~[na:1.8.0_272]
	at org.gradle.internal.concurrent.ThreadFactoryImpl$ManagedThreadRunnable.run(ThreadFactoryImpl.java:56) ~[na:na]
	at java.lang.Thread.run(Thread.java:748) ~[na:1.8.0_272]
Caused by: java.util.concurrent.TimeoutException: null
	at org.apache.kafka.common.internals.KafkaFutureImpl$SingleWaiter.await(KafkaFutureImpl.java:108) ~[kafka-clients-2.5.1.jar:na]
	at org.apache.kafka.common.internals.KafkaFutureImpl.get(KafkaFutureImpl.java:272) ~[kafka-clients-2.5.1.jar:na]
	at org.springframework.kafka.core.KafkaAdmin.lambda$checkPartitions$4(KafkaAdmin.java:236) [spring-kafka-2.6.2.jar:2.6.2]
	... 103 common frames omitted

2020-11-26 23:11:21.243  WARN 19928 --- [ntainer#0-0-C-1] org.apache.kafka.clients.NetworkClient   : [Consumer clientId=consumer-group-id-5, groupId=group-id] Connection to node -1 (MSI/192.168.1.17:9092) could not be established. Broker may not be available.
2020-11-26 23:11:21.244  WARN 19928 --- [ntainer#0-0-C-1] org.apache.kafka.clients.NetworkClient   : [Consumer clientId=consumer-group-id-5, groupId=group-id] Bootstrap broker MSI:9092 (id: -1 rack: null) disconnected
2020-11-26 23:11:21.368  WARN 19928 --- [ntainer#0-0-C-1] org.apache.kafka.clients.NetworkClient   : [Consumer clientId=consumer-group-id-4, groupId=group-id] Connection to node -1 (MSI/192.168.1.17:9092) could not be established. Broker may not be available.
2020-11-26 23:11:21.368  WARN 19928 --- [ntainer#0-0-C-1] org.apache.kafka.clients.NetworkClient   : [Consumer clientId=consumer-group-id-4, groupId=group-id] Bootstrap broker MSI:9092 (id: -1 rack: null) disconnected
2020-11-26 23:11:21.493  WARN 19928 --- [ntainer#0-0-C-1] org.apache.kafka.clients.NetworkClient   : [Consumer clientId=consumer-group-id-1, groupId=group-id] Connection to node -1 (MSI/192.168.1.17:9092) could not be established. Broker may not be available.
2020-11-26 23:11:21.493  WARN 19928 --- [ntainer#0-0-C-1] org.apache.kafka.clients.NetworkClient   : [Consumer clientId=consumer-group-id-1, groupId=group-id] Bootstrap broker MSI:9092 (id: -1 rack: null) disconnected
2020-11-26 23:11:21.603  WARN 19928 --- [ntainer#0-0-C-1] org.apache.kafka.clients.NetworkClient   : [Consumer clientId=consumer-group-id-2, groupId=group-id] Connection to node -1 (MSI/192.168.1.17:9092) could not be established. Broker may not be available.
2020-11-26 23:11:21.603  WARN 19928 --- [ntainer#0-0-C-1] org.apache.kafka.clients.NetworkClient   : [Consumer clientId=consumer-group-id-2, groupId=group-id] Bootstrap broker MSI:9092 (id: -1 rack: null) disconnected
2020-11-26 23:11:21.713  WARN 19928 --- [ntainer#0-0-C-1] org.apache.kafka.clients.NetworkClient   : [Consumer clientId=consumer-group-id-3, groupId=group-id] Connection to node -1 (MSI/192.168.1.17:9092) could not be established. Broker may not be available.
2020-11-26 23:11:21.714  WARN 19928 --- [ntainer#0-0-C-1] org.apache.kafka.clients.NetworkClient   : [Consumer clientId=consumer-group-id-3, groupId=group-id] Bootstrap broker MSI:9092 (id: -1 rack: null) disconnected
2020-11-26 23:11:22.191  WARN 19928 --- [| adminclient-7] org.apache.kafka.clients.NetworkClient   : [AdminClient clientId=adminclient-7] Connection to node -1 (MSI/192.168.1.17:9092) could not be established. Broker may not be available.
2020-11-26 23:11:22.705  WARN 19928 --- [ntainer#0-0-C-1] org.apache.kafka.clients.NetworkClient   : [Consumer clientId=consumer-group-id-6, groupId=group-id] Connection to node -1 (MSI/192.168.1.17:9092) could not be established. Broker may not be available.
2020-11-26 23:11:22.705  WARN 19928 --- [ntainer#0-0-C-1] org.apache.kafka.clients.NetworkClient   : [Consumer clientId=consumer-group-id-6, groupId=group-id] Bootstrap broker MSI:9092 (id: -1 rack: null) disconnected
2020-11-26 23:11:24.196  WARN 19928 --- [ntainer#0-0-C-1] org.apache.kafka.clients.NetworkClient   : [Consumer clientId=consumer-group-id-5, groupId=group-id] Connection to node -1 (MSI/192.168.1.17:9092) could not be established. Broker may not be available.
2020-11-26 23:11:24.197  WARN 19928 --- [ntainer#0-0-C-1] org.apache.kafka.clients.NetworkClient   : [Consumer clientId=consumer-group-id-5, groupId=group-id] Bootstrap broker MSI:9092 (id: -1 rack: null) disconnected
2020-11-26 23:11:24.274  WARN 19928 --- [ntainer#0-0-C-1] org.apache.kafka.clients.NetworkClient   : [Consumer clientId=consumer-group-id-4, groupId=group-id] Connection to node -1 (MSI/192.168.1.17:9092) could not be established. Broker may not be available.
2020-11-26 23:11:24.275  WARN 19928 --- [ntainer#0-0-C-1] org.apache.kafka.clients.NetworkClient   : [Consumer clientId=consumer-group-id-4, groupId=group-id] Bootstrap broker MSI:9092 (id: -1 rack: null) disconnected
2020-11-26 23:11:24.461  WARN 19928 --- [ntainer#0-0-C-1] org.apache.kafka.clients.NetworkClient   : [Consumer clientId=consumer-group-id-1, groupId=group-id] Connection to node -1 (MSI/192.168.1.17:9092) could not be established. Broker may not be available.
2020-11-26 23:11:24.461  WARN 19928 --- [ntainer#0-0-C-1] org.apache.kafka.clients.NetworkClient   : [Consumer clientId=consumer-group-id-1, groupId=group-id] Bootstrap broker MSI:9092 (id: -1 rack: null) disconnected
2020-11-26 23:11:24.600  WARN 19928 --- [ntainer#0-0-C-1] org.apache.kafka.clients.NetworkClient   : [Consumer clientId=consumer-group-id-3, groupId=group-id] Connection to node -1 (MSI/192.168.1.17:9092) could not be established. Broker may not be available.
2020-11-26 23:11:24.600  WARN 19928 --- [ntainer#0-0-C-1] org.apache.kafka.clients.NetworkClient   : [Consumer clientId=consumer-group-id-3, groupId=group-id] Bootstrap broker MSI:9092 (id: -1 rack: null) disconnected
2020-11-26 23:11:24.740  WARN 19928 --- [ntainer#0-0-C-1] org.apache.kafka.clients.NetworkClient   : [Consumer clientId=consumer-group-id-2, groupId=group-id] Connection to node -1 (MSI/192.168.1.17:9092) could not be established. Broker may not be available.
2020-11-26 23:11:24.740  WARN 19928 --- [ntainer#0-0-C-1] org.apache.kafka.clients.NetworkClient   : [Consumer clientId=consumer-group-id-2, groupId=group-id] Bootstrap broker MSI:9092 (id: -1 rack: null) disconnected
2020-11-26 23:11:25.441  WARN 19928 --- [| adminclient-7] org.apache.kafka.clients.NetworkClient   : [AdminClient clientId=adminclient-7] Connection to node -1 (MSI/192.168.1.17:9092) could not be established. Broker may not be available.
2020-11-26 23:11:25.798  WARN 19928 --- [ntainer#0-0-C-1] org.apache.kafka.clients.NetworkClient   : [Consumer clientId=consumer-group-id-6, groupId=group-id] Connection to node -1 (MSI/192.168.1.17:9092) could not be established. Broker may not be available.
2020-11-26 23:11:25.799  WARN 19928 --- [ntainer#0-0-C-1] org.apache.kafka.clients.NetworkClient   : [Consumer clientId=consumer-group-id-6, groupId=group-id] Bootstrap broker MSI:9092 (id: -1 rack: null) disconnected
2020-11-26 23:11:27.278  WARN 19928 --- [ntainer#0-0-C-1] org.apache.kafka.clients.NetworkClient   : [Consumer clientId=consumer-group-id-5, groupId=group-id] Connection to node -1 (MSI/192.168.1.17:9092) could not be established. Broker may not be available.
2020-11-26 23:11:27.279  WARN 19928 --- [ntainer#0-0-C-1] org.apache.kafka.clients.NetworkClient   : [Consumer clientId=consumer-group-id-5, groupId=group-id] Bootstrap broker MSI:9092 (id: -1 rack: null) disconnected
2020-11-26 23:11:27.310  WARN 19928 --- [ntainer#0-0-C-1] org.apache.kafka.clients.NetworkClient   : [Consumer clientId=consumer-group-id-4, groupId=group-id] Connection to node -1 (MSI/192.168.1.17:9092) could not be established. Broker may not be available.
2020-11-26 23:11:27.310  WARN 19928 --- [ntainer#0-0-C-1] org.apache.kafka.clients.NetworkClient   : [Consumer clientId=consumer-group-id-4, groupId=group-id] Bootstrap broker MSI:9092 (id: -1 rack: null) disconnected
2020-11-26 23:11:27.619  WARN 19928 --- [ntainer#0-0-C-1] org.apache.kafka.clients.NetworkClient   : [Consumer clientId=consumer-group-id-1, groupId=group-id] Connection to node -1 (MSI/192.168.1.17:9092) could not be established. Broker may not be available.
2020-11-26 23:11:27.620  WARN 19928 --- [ntainer#0-0-C-1] org.apache.kafka.clients.NetworkClient   : [Consumer clientId=consumer-group-id-1, groupId=group-id] Bootstrap broker MSI:9092 (id: -1 rack: null) disconnected
2020-11-26 23:11:27.805  WARN 19928 --- [ntainer#0-0-C-1] org.apache.kafka.clients.NetworkClient   : [Consumer clientId=consumer-group-id-3, groupId=group-id] Connection to node -1 (MSI/192.168.1.17:9092) could not be established. Broker may not be available.
2020-11-26 23:11:27.806  WARN 19928 --- [ntainer#0-0-C-1] org.apache.kafka.clients.NetworkClient   : [Consumer clientId=consumer-group-id-3, groupId=group-id] Bootstrap broker MSI:9092 (id: -1 rack: null) disconnected
2020-11-26 23:11:27.882  WARN 19928 --- [ntainer#0-0-C-1] org.apache.kafka.clients.NetworkClient   : [Consumer clientId=consumer-group-id-2, groupId=group-id] Connection to node -1 (MSI/192.168.1.17:9092) could not be established. Broker may not be available.
2020-11-26 23:11:27.883  WARN 19928 --- [ntainer#0-0-C-1] org.apache.kafka.clients.NetworkClient   : [Consumer clientId=consumer-group-id-2, groupId=group-id] Bootstrap broker MSI:9092 (id: -1 rack: null) disconnected
2020-11-26 23:11:28.581  WARN 19928 --- [| adminclient-7] org.apache.kafka.clients.NetworkClient   : [AdminClient clientId=adminclient-7] Connection to node -1 (MSI/192.168.1.17:9092) could not be established. Broker may not be available.
2020-11-26 23:11:29.081  WARN 19928 --- [ntainer#0-0-C-1] org.apache.kafka.clients.NetworkClient   : [Consumer clientId=consumer-group-id-6, groupId=group-id] Connection to node -1 (MSI/192.168.1.17:9092) could not be established. Broker may not be available.
2020-11-26 23:11:29.081  WARN 19928 --- [ntainer#0-0-C-1] org.apache.kafka.clients.NetworkClient   : [Consumer clientId=consumer-group-id-6, groupId=group-id] Bootstrap broker MSI:9092 (id: -1 rack: null) disconnected
2020-11-26 23:11:29.937  INFO 19928 --- [| adminclient-7] o.a.k.clients.admin.KafkaAdminClient     : [AdminClient clientId=adminclient-7] Forcing a hard I/O thread shutdown. Requests in progress will be aborted.
2020-11-26 23:11:29.937  INFO 19928 --- [| adminclient-7] o.a.k.c.a.i.AdminMetadataManager         : [AdminClient clientId=adminclient-7] Metadata update failed

org.apache.kafka.common.errors.TimeoutException: Call(callName=fetchMetadata, deadlineMs=1606428709921) timed out at 9223372036854775807 after 1 attempt(s)
Caused by: org.apache.kafka.common.errors.TimeoutException: Timed out waiting to send the call.

2020-11-26 23:11:29.938  INFO 19928 --- [    Test worker] o.a.k.clients.consumer.ConsumerConfig    : ConsumerConfig values: 
	allow.auto.create.topics = true
	auto.commit.interval.ms = 5000
	auto.offset.reset = latest
	bootstrap.servers = [MSI:9092]
	check.crcs = true
	client.dns.lookup = default
	client.id = 
	client.rack = 
	connections.max.idle.ms = 540000
	default.api.timeout.ms = 60000
	enable.auto.commit = false
	exclude.internal.topics = true
	fetch.max.bytes = 52428800
	fetch.max.wait.ms = 500
	fetch.min.bytes = 1
	group.id = group-id
	group.instance.id = null
	heartbeat.interval.ms = 3000
	interceptor.classes = []
	internal.leave.group.on.close = true
	isolation.level = read_uncommitted
	key.deserializer = class org.apache.kafka.common.serialization.StringDeserializer
	max.partition.fetch.bytes = 1048576
	max.poll.interval.ms = 300000
	max.poll.records = 500
	metadata.max.age.ms = 300000
	metric.reporters = []
	metrics.num.samples = 2
	metrics.recording.level = INFO
	metrics.sample.window.ms = 30000
	partition.assignment.strategy = [class org.apache.kafka.clients.consumer.RangeAssignor]
	receive.buffer.bytes = 65536
	reconnect.backoff.max.ms = 1000
	reconnect.backoff.ms = 50
	request.timeout.ms = 30000
	retry.backoff.ms = 100
	sasl.client.callback.handler.class = null
	sasl.jaas.config = null
	sasl.kerberos.kinit.cmd = /usr/bin/kinit
	sasl.kerberos.min.time.before.relogin = 60000
	sasl.kerberos.service.name = null
	sasl.kerberos.ticket.renew.jitter = 0.05
	sasl.kerberos.ticket.renew.window.factor = 0.8
	sasl.login.callback.handler.class = null
	sasl.login.class = null
	sasl.login.refresh.buffer.seconds = 300
	sasl.login.refresh.min.period.seconds = 60
	sasl.login.refresh.window.factor = 0.8
	sasl.login.refresh.window.jitter = 0.05
	sasl.mechanism = GSSAPI
	security.protocol = PLAINTEXT
	security.providers = null
	send.buffer.bytes = 131072
	session.timeout.ms = 10000
	ssl.cipher.suites = null
	ssl.enabled.protocols = [TLSv1.2]
	ssl.endpoint.identification.algorithm = https
	ssl.key.password = null
	ssl.keymanager.algorithm = SunX509
	ssl.keystore.location = null
	ssl.keystore.password = null
	ssl.keystore.type = JKS
	ssl.protocol = TLSv1.2
	ssl.provider = null
	ssl.secure.random.implementation = null
	ssl.trustmanager.algorithm = PKIX
	ssl.truststore.location = null
	ssl.truststore.password = null
	ssl.truststore.type = JKS
	value.deserializer = class org.springframework.kafka.support.serializer.JsonDeserializer

2020-11-26 23:11:29.941  WARN 19928 --- [    Test worker] o.a.k.clients.consumer.ConsumerConfig    : The configuration 'spring.json.trusted.packages' was supplied but isn't a known config.
2020-11-26 23:11:29.941  INFO 19928 --- [    Test worker] o.a.kafka.common.utils.AppInfoParser     : Kafka version: 2.5.1
2020-11-26 23:11:29.941  INFO 19928 --- [    Test worker] o.a.kafka.common.utils.AppInfoParser     : Kafka commitId: 0efa8fb0f4c73d92
2020-11-26 23:11:29.941  INFO 19928 --- [    Test worker] o.a.kafka.common.utils.AppInfoParser     : Kafka startTimeMs: 1606428689941
2020-11-26 23:11:29.941  INFO 19928 --- [    Test worker] o.a.k.clients.consumer.KafkaConsumer     : [Consumer clientId=consumer-group-id-7, groupId=group-id] Subscribed to topic(s): usersLocalisations
2020-11-26 23:11:29.941  INFO 19928 --- [    Test worker] o.s.s.c.ThreadPoolTaskScheduler          : Initializing ExecutorService
2020-11-26 23:11:29.942  INFO 19928 --- [    Test worker] DeferredRepositoryInitializationListener : Triggering deferred initialization of Spring Data repositoriesâ¦
2020-11-26 23:11:29.994  INFO 19928 --- [    Test worker] DeferredRepositoryInitializationListener : Spring Data repositories initialized!
2020-11-26 23:11:29.996  INFO 19928 --- [    Test worker] c.e.projetIWA.User.UserIntegrationTest   : Started UserIntegrationTest in 41.056 seconds (JVM running for 297.418)
]]></system-out>
  <system-err><![CDATA[]]></system-err>
</testsuite>
